Microsemi Libero Software
Version: 11.6.0.34
Release: v11.6

Info: The design clock_div_26MHZ_1MHZ.adb was last modified by software version 11.6.0.34.
Opened an existing Libero design clock_div_26MHZ_1MHZ.adb.
'BA_NAME' set to 'clock_div_26MHZ_1MHZ_ba'
'IDE_DESIGNERVIEW_NAME' set to 'Impl1'
'IDE_DESIGNERVIEW_COUNT' set to '1'
'IDE_DESIGNERVIEW_REV0' set to 'Impl1'
'IDE_DESIGNERVIEW_REVNUM0' set to '1'
'IDE_DESIGNERVIEW_ROOTDIR' set to
'C:\Users\Scott\Documents\Docs\School\Senior\Projects\Libero\Ball_Avionics\designer'
'IDE_DESIGNERVIEW_LASTREV' set to '1'
Back-annotated to the file(s):
   .\clock_div_26MHZ_1MHZ_ba.sdf
   .\clock_div_26MHZ_1MHZ_ba.v

The Back-Annotate command succeeded ( 00:00:03 )
Design saved to file
C:\Users\Scott\Documents\Docs\School\Senior\Projects\Libero\Ball_Avionics\designer\impl1\clock_\
div_26MHZ_1MHZ.adb.

The Execute Script command succeeded ( 00:00:05 )
Design closed.

