Microsemi Libero Software
Version: 11.6.0.34
Release: v11.6

Created a new design.
'BA_NAME' set to 'transceiver_integration_ba'
'IDE_DESIGNERVIEW_NAME' set to 'Impl1'
'IDE_DESIGNERVIEW_COUNT' set to '1'
'IDE_DESIGNERVIEW_REV0' set to 'Impl1'
'IDE_DESIGNERVIEW_REVNUM0' set to '1'
'IDE_DESIGNERVIEW_ROOTDIR' set to
'C:\Users\Scott\Documents\Docs\School\Senior\Projects\Libero\Ball_Avionics\designer'
'IDE_DESIGNERVIEW_LASTREV' set to '1'
'DESDIR' set to
'C:/Users/Scott/Documents/Docs/School/Senior/Projects/Libero/Ball_Avionics/designer/impl1'
'BA_DIR' set to
'C:/Users/Scott/Documents/Docs/School/Senior/Projects/Libero/Ball_Avionics/designer/impl1'
'BA_NETLIST_ALSO' set to '1'
'EDNINFLAVOR' set to 'GENERIC'
'NETLIST_NAMING_STYLE' set to 'VERILOG'
'EXPORT_STATUS_REPORT' set to '1'
'EXPORT_STATUS_REPORT_FILENAME' set to 'transceiver_integration.rpt'
'AUDIT_NETLIST_FILE' set to '1'
'AUDIT_DCF_FILE' set to '1'
'AUDIT_PIN_FILE' set to '1'
'AUDIT_ADL_FILE' set to '1'

 Netlist Reading Time = 0.0 seconds
Imported the file:

C:\Users\Scott\Documents\Docs\School\Senior\Projects\Libero\Ball_Avionics\synthesis\transceiver\
_integration.edn

The Import command succeeded ( 00:00:04 )
Warning: Overwriting the existing file: ../../synthesis/transceiver_integration.v.
Wrote to the file: ..\..\synthesis\transceiver_integration.v

The Export command succeeded ( 00:00:01 )

The Execute Script command succeeded ( 00:00:10 )
Warning: The database was closed without a save, modifications are lost
Design closed.

