Microsemi Libero Software
Version: 11.6.0.34
Release: v11.6

Info: The design geiger_integration.adb was last modified by software version 11.6.0.34.
Opened an existing Libero design geiger_integration.adb.
'BA_NAME' set to 'geiger_integration_ba'
'IDE_DESIGNERVIEW_NAME' set to 'Impl1'
'IDE_DESIGNERVIEW_COUNT' set to '1'
'IDE_DESIGNERVIEW_REV0' set to 'Impl1'
'IDE_DESIGNERVIEW_REVNUM0' set to '1'
'IDE_DESIGNERVIEW_ROOTDIR' set to
'C:\Users\Scott\Documents\Docs\School\Senior\Projects\Libero\Ball_Avionics\designer'
'IDE_DESIGNERVIEW_LASTREV' set to '1'
Wrote timing report to file: geiger_integration_maxdelay_timing_report.txt

The Report command succeeded ( 00:00:02 )
Wrote timing report to file: geiger_integration_mindelay_timing_report.txt

The Report command succeeded ( 00:00:00 )
Wrote timing_violations report to file: geiger_integration_maxdelay_timingviolations_report.txt

The Report command succeeded ( 00:00:00 )
Wrote timing_violations report to file: geiger_integration_mindelay_timingviolations_report.txt

The Report command succeeded ( 00:00:01 )
Design saved to file
C:\Users\Scott\Documents\Docs\School\Senior\Projects\Libero\Ball_Avionics\designer\impl1\geiger\
_integration.adb.

The Execute Script command succeeded ( 00:00:04 )
Design closed.

