Microsemi Libero Software
Version: 11.6.0.34
Release: v11.6

Info: The design
      C:/Users/Scott/Documents/Docs/School/Senior/Projects/Libero/Ball_Avionics/designer/impl1/\
      transceiver_integration.adb was last modified by software version 11.6.0.34.
Opened an existing Libero design
C:/Users/Scott/Documents/Docs/School/Senior/Projects/Libero/Ball_Avionics/designer/impl1/transc\
eiver_integration.adb.

The Export-map command succeeded ( 00:00:28 )
Wrote to the file:
C:\Users\Scott\Documents\Docs\School\Senior\Projects\Libero\Ball_Avionics\designer\impl1\transc\
eiver_integration.pdb
CHECKSUM: 2CE0

The Generate programming file command succeeded ( 00:00:32 )
Design saved to file
C:/Users/Scott/Documents/Docs/School/Senior/Projects/Libero/Ball_Avionics/designer/impl1/transc\
eiver_integration.adb.

The Execute Script command succeeded ( 00:00:37 )
Design closed.

