sourcing C:\Microsemi\Libero_v11.6\Synopsys\fpga_J-2015.03M-3\lib\message_override.tcl


Starting:    C:\Microsemi\Libero_v11.6\Synopsys\fpga_J-2015.03M-3\bin64\mbin\synbatch.exe
Install:     C:\Microsemi\Libero_v11.6\Synopsys\fpga_J-2015.03M-3
Hostname:    SCOTT-PC
Date:        Fri Mar 04 00:47:16 2016
Version:     J-2015.03M-3

Arguments:   -product synplify_pro -licensetype synplifypro_actel -batch -log synplify.log memory_test_syn.tcl
ProductType: synplify_pro

License checkout: synplifypro_actel
License: synplifypro_actel node-locked 
Licensed Vendor: actel
License Option: actel_oem

Running in Vendor Mode


auto_infer_blackbox is not supported in current product.

log file: "C:\Users\Scott\Documents\Docs\School\Senior\Projects\Libero\Ball_Avionics\synthesis\memory_test.srr"

Running: synthesis in foreground



Running memory_test_syn|synthesis


Running: compile (Compile) on memory_test_syn|synthesis


Running: compile_flow (Compile Process) on memory_test_syn|synthesis


Running: compiler (Compile Input) on memory_test_syn|synthesis

Copied C:\Users\Scott\Documents\Docs\School\Senior\Projects\Libero\Ball_Avionics\synthesis\synwork\memory_test_comp.srs to C:\Users\Scott\Documents\Docs\School\Senior\Projects\Libero\Ball_Avionics\synthesis\memory_test.srs


compiler Completed
Return Code: 0
Run Time:0h:00m:07s


Running: multi_srs_gen (Multi-srs Generator) on memory_test_syn|synthesis

Copied C:\Users\Scott\Documents\Docs\School\Senior\Projects\Libero\Ball_Avionics\synthesis\synwork\memory_test_comp.srs to C:\Users\Scott\Documents\Docs\School\Senior\Projects\Libero\Ball_Avionics\synthesis\synwork\memory_test_s.srs


multi_srs_gen Completed
Return Code: 0
Run Time:0h:00m:01s

Copied C:\Users\Scott\Documents\Docs\School\Senior\Projects\Libero\Ball_Avionics\synthesis\synwork\memory_test_mult.srs to C:\Users\Scott\Documents\Docs\School\Senior\Projects\Libero\Ball_Avionics\synthesis\memory_test.srs

Complete: Compile Process on memory_test_syn|synthesis


Running: premap (Pre-mapping) on memory_test_syn|synthesis

Copied C:\Users\Scott\Documents\Docs\School\Senior\Projects\Libero\Ball_Avionics\synthesis\memory_test.sap to C:\Users\Scott\Documents\Docs\School\Senior\Projects\Libero\Ball_Avionics\synthesis\synwork\memory_test_s.sap

Copied C:\Users\Scott\Documents\Docs\School\Senior\Projects\Libero\Ball_Avionics\synthesis\memory_test.fse to C:\Users\Scott\Documents\Docs\School\Senior\Projects\Libero\Ball_Avionics\synthesis\synwork\memory_test_s.fse


premap Completed with warnings
Return Code: 1
Run Time:0h:00m:01s

Complete: Compile on memory_test_syn|synthesis


Running: map (Map) on memory_test_syn|synthesis


Running: fpga_mapper (Map & Optimize) on memory_test_syn|synthesis

Copied C:\Users\Scott\Documents\Docs\School\Senior\Projects\Libero\Ball_Avionics\synthesis\synwork\memory_test_m.srm to C:\Users\Scott\Documents\Docs\School\Senior\Projects\Libero\Ball_Avionics\synthesis\memory_test.srm


fpga_mapper Completed with warnings
Return Code: 1
Run Time:0h:00m:10s

Complete: Map on memory_test_syn|synthesis

Complete: Logic Synthesis on memory_test_syn|synthesis

TCL script complete: "memory_test_syn.tcl"

exit status=0

exit status=0

License checkin: synplifypro_actel

