# Reading C:/Microsemi/Libero_v11.6/Model/tcl/vsim/pref.tcl
# do run.do
# INFO: Simulation library presynth already exists
# Model Technology ModelSim PE vmap 10.3c Lib Mapping Utility 2014.07 Jul 19 2014
# vmap -modelsim_quiet presynth presynth 
# Modifying modelsim.ini
# Model Technology ModelSim PE vmap 10.3c Lib Mapping Utility 2014.07 Jul 19 2014
# vmap -modelsim_quiet proasic3l C:/Microsemi/Libero_v11.6/Designer/lib/modelsim/precompiled/vlog/proasic3l 
# Modifying modelsim.ini
# Model Technology ModelSim Microsemi vlog 10.3c Compiler 2014.07 Jul 19 2014
# Start time: 17:51:42 on Feb 28,2016
# vlog -reportprogress 300 -work presynth C:/Users/Scott/Documents/Docs/School/Senior/Projects/Libero/Ball_Avionics/hdl/dummy_mem.v 
# -- Compiling module dummy_mem
# 
# Top level modules:
# 	dummy_mem
# End time: 17:51:43 on Feb 28,2016, Elapsed time: 0:00:01
# Errors: 0, Warnings: 0
# Model Technology ModelSim Microsemi vlog 10.3c Compiler 2014.07 Jul 19 2014
# Start time: 17:51:43 on Feb 28,2016
# vlog -reportprogress 300 -work presynth C:/Users/Scott/Documents/Docs/School/Senior/Projects/Libero/Ball_Avionics/hdl/orbit_control.v 
# -- Compiling module orbit_control
# 
# Top level modules:
# 	orbit_control
# End time: 17:51:43 on Feb 28,2016, Elapsed time: 0:00:00
# Errors: 0, Warnings: 0
# Model Technology ModelSim Microsemi vlog 10.3c Compiler 2014.07 Jul 19 2014
# Start time: 17:51:43 on Feb 28,2016
# vlog -reportprogress 300 -work presynth C:/Users/Scott/Documents/Docs/School/Senior/Projects/Libero/Ball_Avionics/hdl/SPI_Master.v 
# -- Compiling module spi_master
# 
# Top level modules:
# 	spi_master
# End time: 17:51:43 on Feb 28,2016, Elapsed time: 0:00:00
# Errors: 0, Warnings: 0
# Model Technology ModelSim Microsemi vlog 10.3c Compiler 2014.07 Jul 19 2014
# Start time: 17:51:43 on Feb 28,2016
# vlog -reportprogress 300 -work presynth C:/Users/Scott/Documents/Docs/School/Senior/Projects/Libero/Ball_Avionics/hdl/spi_mode_config.v 
# -- Compiling module spi_mode_config
# ** Warning: C:/Users/Scott/Documents/Docs/School/Senior/Projects/Libero/Ball_Avionics/hdl/spi_mode_config.v(38): (vlog-2600) [RDGN] - Redundant digits in numeric literal.
# 
# ** Warning: C:/Users/Scott/Documents/Docs/School/Senior/Projects/Libero/Ball_Avionics/hdl/spi_mode_config.v(39): (vlog-2600) [RDGN] - Redundant digits in numeric literal.
# 
# ** Warning: C:/Users/Scott/Documents/Docs/School/Senior/Projects/Libero/Ball_Avionics/hdl/spi_mode_config.v(40): (vlog-2600) [RDGN] - Redundant digits in numeric literal.
# 
# ** Warning: C:/Users/Scott/Documents/Docs/School/Senior/Projects/Libero/Ball_Avionics/hdl/spi_mode_config.v(41): (vlog-2600) [RDGN] - Redundant digits in numeric literal.
# 
# ** Warning: C:/Users/Scott/Documents/Docs/School/Senior/Projects/Libero/Ball_Avionics/hdl/spi_mode_config.v(42): (vlog-2600) [RDGN] - Redundant digits in numeric literal.
# 
# ** Warning: C:/Users/Scott/Documents/Docs/School/Senior/Projects/Libero/Ball_Avionics/hdl/spi_mode_config.v(43): (vlog-2600) [RDGN] - Redundant digits in numeric literal.
# 
# ** Warning: C:/Users/Scott/Documents/Docs/School/Senior/Projects/Libero/Ball_Avionics/hdl/spi_mode_config.v(826): (vlog-2600) [RDGN] - Redundant digits in numeric literal.
# 
# 
# Top level modules:
# 	spi_mode_config
# End time: 17:51:43 on Feb 28,2016, Elapsed time: 0:00:00
# Errors: 0, Warnings: 7
# Model Technology ModelSim Microsemi vlog 10.3c Compiler 2014.07 Jul 19 2014
# Start time: 17:51:43 on Feb 28,2016
# vlog -reportprogress 300 -work presynth C:/Users/Scott/Documents/Docs/School/Senior/Projects/Libero/Ball_Avionics/component/work/master_mode/master_mode.v 
# -- Compiling module master_mode
# 
# Top level modules:
# 	master_mode
# End time: 17:51:43 on Feb 28,2016, Elapsed time: 0:00:00
# Errors: 0, Warnings: 0
# Model Technology ModelSim Microsemi vlog 10.3c Compiler 2014.07 Jul 19 2014
# Start time: 17:51:43 on Feb 28,2016
# vlog -reportprogress 300 "+incdir+C:/Users/Scott/Documents/Docs/School/Senior/Projects/Libero/Ball_Avionics/stimulus" -work presynth C:/Users/Scott/Documents/Docs/School/Senior/Projects/Libero/Ball_Avionics/stimulus/master_mode_tb.v 
# -- Compiling module master_mode_tb
# 
# Top level modules:
# 	master_mode_tb
# End time: 17:51:43 on Feb 28,2016, Elapsed time: 0:00:00
# Errors: 0, Warnings: 0
# vsim -gui -do "do run.do" -l master_mode_tb_presynth_simulation.log 
# Start time: 17:51:45 on Feb 28,2016
# //  ModelSim Microsemi 10.3c Jul 19 2014 
# //
# //  Copyright 1991-2014 Mentor Graphics Corporation
# //  All Rights Reserved.
# //
# //  THIS WORK CONTAINS TRADE SECRET AND PROPRIETARY INFORMATION
# //  WHICH IS THE PROPERTY OF MENTOR GRAPHICS CORPORATION OR ITS
# //  LICENSORS AND IS SUBJECT TO LICENSE TERMS.
# //
# Loading presynth.master_mode_tb
# Loading presynth.master_mode
# Loading presynth.dummy_mem
# Loading presynth.orbit_control
# Loading presynth.spi_master
# Loading presynth.spi_mode_config
add wave sim:/master_mode_tb/master_mode_0/*
restart
run -all
# End time: 17:55:04 on Feb 28,2016, Elapsed time: 0:03:19
# Errors: 0, Warnings: 0
