# Reading C:/Microsemi/Libero_v11.6/Model/tcl/vsim/pref.tcl
# do run.do
# INFO: Simulation library presynth already exists
# Model Technology ModelSim PE vmap 10.3c Lib Mapping Utility 2014.07 Jul 19 2014
# vmap -modelsim_quiet presynth presynth 
# Modifying modelsim.ini
# Model Technology ModelSim PE vmap 10.3c Lib Mapping Utility 2014.07 Jul 19 2014
# vmap -modelsim_quiet proasic3l C:/Microsemi/Libero_v11.6/Designer/lib/modelsim/precompiled/vlog/proasic3l 
# Modifying modelsim.ini
# Model Technology ModelSim Microsemi vlog 10.3c Compiler 2014.07 Jul 19 2014
# Start time: 00:07:44 on Feb 02,2016
# vlog -reportprogress 300 -work presynth C:/Users/Scott/Documents/Docs/School/Senior/Projects/Libero/Ball_Avionics/hdl/read_address_traversal.v 
# -- Compiling module read_address_traversal
# 
# Top level modules:
# 	read_address_traversal
# End time: 00:07:45 on Feb 02,2016, Elapsed time: 0:00:01
# Errors: 0, Warnings: 0
# Model Technology ModelSim Microsemi vlog 10.3c Compiler 2014.07 Jul 19 2014
# Start time: 00:07:45 on Feb 02,2016
# vlog -reportprogress 300 "+incdir+C:/Users/Scott/Documents/Docs/School/Senior/Projects/Libero/Ball_Avionics/stimulus" -work presynth C:/Users/Scott/Documents/Docs/School/Senior/Projects/Libero/Ball_Avionics/stimulus/tb_read_address_traversal.v 
# -- Compiling module tb_read_address_traversal
# 
# Top level modules:
# 	tb_read_address_traversal
# End time: 00:07:45 on Feb 02,2016, Elapsed time: 0:00:00
# Errors: 0, Warnings: 0
# vsim -gui -do "do run.do" -l tb_read_address_traversal_presynth_simulation.log 
# Start time: 00:07:45 on Feb 02,2016
# //  ModelSim Microsemi 10.3c Jul 19 2014 
# //
# //  Copyright 1991-2014 Mentor Graphics Corporation
# //  All Rights Reserved.
# //
# //  THIS WORK CONTAINS TRADE SECRET AND PROPRIETARY INFORMATION
# //  WHICH IS THE PROPERTY OF MENTOR GRAPHICS CORPORATION OR ITS
# //  LICENSORS AND IS SUBJECT TO LICENSE TERMS.
# //
# Loading presynth.tb_read_address_traversal
# Loading presynth.read_address_traversal
run -all
do run.do
# INFO: Simulation library presynth already exists
# Model Technology ModelSim PE vmap 10.3c Lib Mapping Utility 2014.07 Jul 19 2014
# vmap -modelsim_quiet presynth presynth 
# Modifying modelsim.ini
# Model Technology ModelSim PE vmap 10.3c Lib Mapping Utility 2014.07 Jul 19 2014
# vmap -modelsim_quiet proasic3l C:/Microsemi/Libero_v11.6/Designer/lib/modelsim/precompiled/vlog/proasic3l 
# Modifying modelsim.ini
# Model Technology ModelSim Microsemi vlog 10.3c Compiler 2014.07 Jul 19 2014
# Start time: 00:10:24 on Feb 02,2016
# vlog -reportprogress 300 -work presynth C:/Users/Scott/Documents/Docs/School/Senior/Projects/Libero/Ball_Avionics/hdl/read_address_traversal.v 
# -- Compiling module read_address_traversal
# 
# Top level modules:
# 	read_address_traversal
# End time: 00:10:25 on Feb 02,2016, Elapsed time: 0:00:01
# Errors: 0, Warnings: 0
# Model Technology ModelSim Microsemi vlog 10.3c Compiler 2014.07 Jul 19 2014
# Start time: 00:10:25 on Feb 02,2016
# vlog -reportprogress 300 "+incdir+C:/Users/Scott/Documents/Docs/School/Senior/Projects/Libero/Ball_Avionics/stimulus" -work presynth C:/Users/Scott/Documents/Docs/School/Senior/Projects/Libero/Ball_Avionics/stimulus/tb_read_address_traversal.v 
# -- Compiling module tb_read_address_traversal
# 
# Top level modules:
# 	tb_read_address_traversal
# End time: 00:10:25 on Feb 02,2016, Elapsed time: 0:00:00
# Errors: 0, Warnings: 0
# vsim 
# Start time: 00:10:26 on Feb 02,2016
# Loading presynth.tb_read_address_traversal
# Loading presynth.read_address_traversal
run -all
do run.do
# INFO: Simulation library presynth already exists
# Model Technology ModelSim PE vmap 10.3c Lib Mapping Utility 2014.07 Jul 19 2014
# vmap -modelsim_quiet presynth presynth 
# Modifying modelsim.ini
# Model Technology ModelSim PE vmap 10.3c Lib Mapping Utility 2014.07 Jul 19 2014
# vmap -modelsim_quiet proasic3l C:/Microsemi/Libero_v11.6/Designer/lib/modelsim/precompiled/vlog/proasic3l 
# Modifying modelsim.ini
# Model Technology ModelSim Microsemi vlog 10.3c Compiler 2014.07 Jul 19 2014
# Start time: 00:11:38 on Feb 02,2016
# vlog -reportprogress 300 -work presynth C:/Users/Scott/Documents/Docs/School/Senior/Projects/Libero/Ball_Avionics/hdl/read_address_traversal.v 
# -- Compiling module read_address_traversal
# 
# Top level modules:
# 	read_address_traversal
# End time: 00:11:38 on Feb 02,2016, Elapsed time: 0:00:00
# Errors: 0, Warnings: 0
# Model Technology ModelSim Microsemi vlog 10.3c Compiler 2014.07 Jul 19 2014
# Start time: 00:11:38 on Feb 02,2016
# vlog -reportprogress 300 "+incdir+C:/Users/Scott/Documents/Docs/School/Senior/Projects/Libero/Ball_Avionics/stimulus" -work presynth C:/Users/Scott/Documents/Docs/School/Senior/Projects/Libero/Ball_Avionics/stimulus/tb_read_address_traversal.v 
# -- Compiling module tb_read_address_traversal
# 
# Top level modules:
# 	tb_read_address_traversal
# End time: 00:11:38 on Feb 02,2016, Elapsed time: 0:00:00
# Errors: 0, Warnings: 0
# vsim 
# Start time: 00:11:40 on Feb 02,2016
# Loading presynth.tb_read_address_traversal
# Loading presynth.read_address_traversal
run -all
do run.do
# INFO: Simulation library presynth already exists
# Model Technology ModelSim PE vmap 10.3c Lib Mapping Utility 2014.07 Jul 19 2014
# vmap -modelsim_quiet presynth presynth 
# Modifying modelsim.ini
# Model Technology ModelSim PE vmap 10.3c Lib Mapping Utility 2014.07 Jul 19 2014
# vmap -modelsim_quiet proasic3l C:/Microsemi/Libero_v11.6/Designer/lib/modelsim/precompiled/vlog/proasic3l 
# Modifying modelsim.ini
# Model Technology ModelSim Microsemi vlog 10.3c Compiler 2014.07 Jul 19 2014
# Start time: 00:13:33 on Feb 02,2016
# vlog -reportprogress 300 -work presynth C:/Users/Scott/Documents/Docs/School/Senior/Projects/Libero/Ball_Avionics/hdl/read_address_traversal.v 
# -- Compiling module read_address_traversal
# 
# Top level modules:
# 	read_address_traversal
# End time: 00:13:33 on Feb 02,2016, Elapsed time: 0:00:00
# Errors: 0, Warnings: 0
# Model Technology ModelSim Microsemi vlog 10.3c Compiler 2014.07 Jul 19 2014
# Start time: 00:13:34 on Feb 02,2016
# vlog -reportprogress 300 "+incdir+C:/Users/Scott/Documents/Docs/School/Senior/Projects/Libero/Ball_Avionics/stimulus" -work presynth C:/Users/Scott/Documents/Docs/School/Senior/Projects/Libero/Ball_Avionics/stimulus/tb_read_address_traversal.v 
# -- Compiling module tb_read_address_traversal
# 
# Top level modules:
# 	tb_read_address_traversal
# End time: 00:13:34 on Feb 02,2016, Elapsed time: 0:00:00
# Errors: 0, Warnings: 0
# vsim 
# Start time: 00:13:35 on Feb 02,2016
# Loading presynth.tb_read_address_traversal
# Loading presynth.read_address_traversal
run -all
do run.do
# INFO: Simulation library presynth already exists
# Model Technology ModelSim PE vmap 10.3c Lib Mapping Utility 2014.07 Jul 19 2014
# vmap -modelsim_quiet presynth presynth 
# Modifying modelsim.ini
# Model Technology ModelSim PE vmap 10.3c Lib Mapping Utility 2014.07 Jul 19 2014
# vmap -modelsim_quiet proasic3l C:/Microsemi/Libero_v11.6/Designer/lib/modelsim/precompiled/vlog/proasic3l 
# Modifying modelsim.ini
# Model Technology ModelSim Microsemi vlog 10.3c Compiler 2014.07 Jul 19 2014
# Start time: 00:17:03 on Feb 02,2016
# vlog -reportprogress 300 -work presynth C:/Users/Scott/Documents/Docs/School/Senior/Projects/Libero/Ball_Avionics/hdl/read_address_traversal.v 
# -- Compiling module read_address_traversal
# 
# Top level modules:
# 	read_address_traversal
# End time: 00:17:03 on Feb 02,2016, Elapsed time: 0:00:00
# Errors: 0, Warnings: 0
# Model Technology ModelSim Microsemi vlog 10.3c Compiler 2014.07 Jul 19 2014
# Start time: 00:17:03 on Feb 02,2016
# vlog -reportprogress 300 "+incdir+C:/Users/Scott/Documents/Docs/School/Senior/Projects/Libero/Ball_Avionics/stimulus" -work presynth C:/Users/Scott/Documents/Docs/School/Senior/Projects/Libero/Ball_Avionics/stimulus/tb_read_address_traversal.v 
# -- Compiling module tb_read_address_traversal
# 
# Top level modules:
# 	tb_read_address_traversal
# End time: 00:17:03 on Feb 02,2016, Elapsed time: 0:00:00
# Errors: 0, Warnings: 0
# vsim 
# Start time: 00:17:04 on Feb 02,2016
# Loading presynth.tb_read_address_traversal
# Loading presynth.read_address_traversal
run -all
do run.do
# INFO: Simulation library presynth already exists
# Model Technology ModelSim PE vmap 10.3c Lib Mapping Utility 2014.07 Jul 19 2014
# vmap -modelsim_quiet presynth presynth 
# Modifying modelsim.ini
# Model Technology ModelSim PE vmap 10.3c Lib Mapping Utility 2014.07 Jul 19 2014
# vmap -modelsim_quiet proasic3l C:/Microsemi/Libero_v11.6/Designer/lib/modelsim/precompiled/vlog/proasic3l 
# Modifying modelsim.ini
# Model Technology ModelSim Microsemi vlog 10.3c Compiler 2014.07 Jul 19 2014
# Start time: 00:21:16 on Feb 02,2016
# vlog -reportprogress 300 -work presynth C:/Users/Scott/Documents/Docs/School/Senior/Projects/Libero/Ball_Avionics/hdl/read_address_traversal.v 
# -- Compiling module read_address_traversal
# 
# Top level modules:
# 	read_address_traversal
# End time: 00:21:16 on Feb 02,2016, Elapsed time: 0:00:00
# Errors: 0, Warnings: 0
# Model Technology ModelSim Microsemi vlog 10.3c Compiler 2014.07 Jul 19 2014
# Start time: 00:21:16 on Feb 02,2016
# vlog -reportprogress 300 "+incdir+C:/Users/Scott/Documents/Docs/School/Senior/Projects/Libero/Ball_Avionics/stimulus" -work presynth C:/Users/Scott/Documents/Docs/School/Senior/Projects/Libero/Ball_Avionics/stimulus/tb_read_address_traversal.v 
# -- Compiling module tb_read_address_traversal
# 
# Top level modules:
# 	tb_read_address_traversal
# End time: 00:21:17 on Feb 02,2016, Elapsed time: 0:00:01
# Errors: 0, Warnings: 0
# vsim 
# Start time: 00:21:18 on Feb 02,2016
# Loading presynth.tb_read_address_traversal
# Loading presynth.read_address_traversal
run -all
do run.do
# INFO: Simulation library presynth already exists
# Model Technology ModelSim PE vmap 10.3c Lib Mapping Utility 2014.07 Jul 19 2014
# vmap -modelsim_quiet presynth presynth 
# Modifying modelsim.ini
# Model Technology ModelSim PE vmap 10.3c Lib Mapping Utility 2014.07 Jul 19 2014
# vmap -modelsim_quiet proasic3l C:/Microsemi/Libero_v11.6/Designer/lib/modelsim/precompiled/vlog/proasic3l 
# Modifying modelsim.ini
# Model Technology ModelSim Microsemi vlog 10.3c Compiler 2014.07 Jul 19 2014
# Start time: 00:25:01 on Feb 02,2016
# vlog -reportprogress 300 -work presynth C:/Users/Scott/Documents/Docs/School/Senior/Projects/Libero/Ball_Avionics/hdl/read_address_traversal.v 
# -- Compiling module read_address_traversal
# 
# Top level modules:
# 	read_address_traversal
# End time: 00:25:01 on Feb 02,2016, Elapsed time: 0:00:00
# Errors: 0, Warnings: 0
# Model Technology ModelSim Microsemi vlog 10.3c Compiler 2014.07 Jul 19 2014
# Start time: 00:25:01 on Feb 02,2016
# vlog -reportprogress 300 "+incdir+C:/Users/Scott/Documents/Docs/School/Senior/Projects/Libero/Ball_Avionics/stimulus" -work presynth C:/Users/Scott/Documents/Docs/School/Senior/Projects/Libero/Ball_Avionics/stimulus/tb_read_address_traversal.v 
# -- Compiling module tb_read_address_traversal
# 
# Top level modules:
# 	tb_read_address_traversal
# End time: 00:25:01 on Feb 02,2016, Elapsed time: 0:00:00
# Errors: 0, Warnings: 0
# vsim 
# Start time: 00:25:02 on Feb 02,2016
# Loading presynth.tb_read_address_traversal
# Loading presynth.read_address_traversal
run -all
do run.do
# INFO: Simulation library presynth already exists
# Model Technology ModelSim PE vmap 10.3c Lib Mapping Utility 2014.07 Jul 19 2014
# vmap -modelsim_quiet presynth presynth 
# Modifying modelsim.ini
# Model Technology ModelSim PE vmap 10.3c Lib Mapping Utility 2014.07 Jul 19 2014
# vmap -modelsim_quiet proasic3l C:/Microsemi/Libero_v11.6/Designer/lib/modelsim/precompiled/vlog/proasic3l 
# Modifying modelsim.ini
# Model Technology ModelSim Microsemi vlog 10.3c Compiler 2014.07 Jul 19 2014
# Start time: 00:29:24 on Feb 02,2016
# vlog -reportprogress 300 -work presynth C:/Users/Scott/Documents/Docs/School/Senior/Projects/Libero/Ball_Avionics/hdl/read_address_traversal.v 
# -- Compiling module read_address_traversal
# 
# Top level modules:
# 	read_address_traversal
# End time: 00:29:24 on Feb 02,2016, Elapsed time: 0:00:00
# Errors: 0, Warnings: 0
# Model Technology ModelSim Microsemi vlog 10.3c Compiler 2014.07 Jul 19 2014
# Start time: 00:29:24 on Feb 02,2016
# vlog -reportprogress 300 "+incdir+C:/Users/Scott/Documents/Docs/School/Senior/Projects/Libero/Ball_Avionics/stimulus" -work presynth C:/Users/Scott/Documents/Docs/School/Senior/Projects/Libero/Ball_Avionics/stimulus/tb_read_address_traversal.v 
# -- Compiling module tb_read_address_traversal
# 
# Top level modules:
# 	tb_read_address_traversal
# End time: 00:29:24 on Feb 02,2016, Elapsed time: 0:00:00
# Errors: 0, Warnings: 0
# vsim 
# Start time: 00:29:25 on Feb 02,2016
# Loading presynth.tb_read_address_traversal
# Loading presynth.read_address_traversal
# ** Warning: (vsim-3017) C:/Users/Scott/Documents/Docs/School/Senior/Projects/Libero/Ball_Avionics/stimulus/tb_read_address_traversal.v(71): [TFMPC] - Too few port connections. Expected 5, found 4.
# 
#         Region: /tb_read_address_traversal/read_address_traversal_0
# ** Warning: (vsim-3722) C:/Users/Scott/Documents/Docs/School/Senior/Projects/Libero/Ball_Avionics/stimulus/tb_read_address_traversal.v(71): [TFMPC] - Missing connection for port 'CLK_48MHZ'.
# 
run -all
do run.do
# INFO: Simulation library presynth already exists
# Model Technology ModelSim PE vmap 10.3c Lib Mapping Utility 2014.07 Jul 19 2014
# vmap -modelsim_quiet presynth presynth 
# Modifying modelsim.ini
# Model Technology ModelSim PE vmap 10.3c Lib Mapping Utility 2014.07 Jul 19 2014
# vmap -modelsim_quiet proasic3l C:/Microsemi/Libero_v11.6/Designer/lib/modelsim/precompiled/vlog/proasic3l 
# Modifying modelsim.ini
# Model Technology ModelSim Microsemi vlog 10.3c Compiler 2014.07 Jul 19 2014
# Start time: 00:36:46 on Feb 02,2016
# vlog -reportprogress 300 -work presynth C:/Users/Scott/Documents/Docs/School/Senior/Projects/Libero/Ball_Avionics/hdl/read_address_traversal.v 
# -- Compiling module read_address_traversal
# 
# Top level modules:
# 	read_address_traversal
# End time: 00:36:46 on Feb 02,2016, Elapsed time: 0:00:00
# Errors: 0, Warnings: 0
# Model Technology ModelSim Microsemi vlog 10.3c Compiler 2014.07 Jul 19 2014
# Start time: 00:36:46 on Feb 02,2016
# vlog -reportprogress 300 "+incdir+C:/Users/Scott/Documents/Docs/School/Senior/Projects/Libero/Ball_Avionics/stimulus" -work presynth C:/Users/Scott/Documents/Docs/School/Senior/Projects/Libero/Ball_Avionics/stimulus/tb_read_address_traversal.v 
# -- Compiling module tb_read_address_traversal
# 
# Top level modules:
# 	tb_read_address_traversal
# End time: 00:36:46 on Feb 02,2016, Elapsed time: 0:00:00
# Errors: 0, Warnings: 0
# vsim 
# Start time: 00:36:47 on Feb 02,2016
# Loading presynth.tb_read_address_traversal
# Loading presynth.read_address_traversal
# ** Warning: (vsim-3017) C:/Users/Scott/Documents/Docs/School/Senior/Projects/Libero/Ball_Avionics/stimulus/tb_read_address_traversal.v(71): [TFMPC] - Too few port connections. Expected 5, found 4.
# 
#         Region: /tb_read_address_traversal/read_address_traversal_0
# ** Warning: (vsim-3722) C:/Users/Scott/Documents/Docs/School/Senior/Projects/Libero/Ball_Avionics/stimulus/tb_read_address_traversal.v(71): [TFMPC] - Missing connection for port 'CLK_48MHZ'.
# 
run -all
# Can't move the Now cursor.
# Can't move the Now cursor.
run -all
run -all
run -all
run -all
run -all
run -all
run -all
run -all
# End time: 01:26:23 on Feb 02,2016, Elapsed time: 0:49:36
# Errors: 2, Warnings: 2
