# Reading C:/Microsemi/Libero_v11.6/Model/tcl/vsim/pref.tcl
# do run.do
# INFO: Simulation library presynth already exists
# Model Technology ModelSim PE vmap 10.3c Lib Mapping Utility 2014.07 Jul 19 2014
# vmap -modelsim_quiet presynth presynth 
# Modifying modelsim.ini
# Model Technology ModelSim PE vmap 10.3c Lib Mapping Utility 2014.07 Jul 19 2014
# vmap -modelsim_quiet proasic3l C:/Microsemi/Libero_v11.6/Designer/lib/modelsim/precompiled/vlog/proasic3l 
# Modifying modelsim.ini
# Model Technology ModelSim Microsemi vlog 10.3c Compiler 2014.07 Jul 19 2014
# Start time: 12:57:19 on Feb 19,2016
# vlog -reportprogress 300 -work presynth C:/Users/Scott/Documents/Docs/School/Senior/Projects/Libero/Ball_Avionics/hdl/read_buffer.v 
# -- Compiling module read_buffer
# 
# Top level modules:
# 	read_buffer
# End time: 12:57:19 on Feb 19,2016, Elapsed time: 0:00:00
# Errors: 0, Warnings: 0
# Model Technology ModelSim Microsemi vlog 10.3c Compiler 2014.07 Jul 19 2014
# Start time: 12:57:19 on Feb 19,2016
# vlog -reportprogress 300 "+incdir+C:/Users/Scott/Documents/Docs/School/Senior/Projects/Libero/Ball_Avionics/stimulus" -work presynth C:/Users/Scott/Documents/Docs/School/Senior/Projects/Libero/Ball_Avionics/stimulus/tb_read_buffer.v 
# -- Compiling module tb_read_buffer
# 
# Top level modules:
# 	tb_read_buffer
# End time: 12:57:19 on Feb 19,2016, Elapsed time: 0:00:00
# Errors: 0, Warnings: 0
# vsim -gui -do "do run.do" -l tb_read_buffer_presynth_simulation.log 
# Start time: 12:57:21 on Feb 19,2016
# //  ModelSim Microsemi 10.3c Jul 19 2014 
# //
# //  Copyright 1991-2014 Mentor Graphics Corporation
# //  All Rights Reserved.
# //
# //  THIS WORK CONTAINS TRADE SECRET AND PROPRIETARY INFORMATION
# //  WHICH IS THE PROPERTY OF MENTOR GRAPHICS CORPORATION OR ITS
# //  LICENSORS AND IS SUBJECT TO LICENSE TERMS.
# //
# Loading presynth.tb_read_buffer
# Loading presynth.read_buffer
run -all
add wave sim:/tb_read_buffer/read_buffer_0/*
run
# Break key hit
# Break key hit
# Break key hit
# WARNING: No extended dataflow license exists
# Error: invalid command name "::.main_pane.dataflow.interior.cs.body.pw.df.c"
# Error: invalid command name "::.main_pane.dataflow.interior.cs.body.pw.df.c"
# Load canceled
restart
run -all
do run.do
# INFO: Simulation library presynth already exists
# Model Technology ModelSim PE vmap 10.3c Lib Mapping Utility 2014.07 Jul 19 2014
# vmap -modelsim_quiet presynth presynth 
# Modifying modelsim.ini
# Model Technology ModelSim PE vmap 10.3c Lib Mapping Utility 2014.07 Jul 19 2014
# vmap -modelsim_quiet proasic3l C:/Microsemi/Libero_v11.6/Designer/lib/modelsim/precompiled/vlog/proasic3l 
# Modifying modelsim.ini
# Model Technology ModelSim Microsemi vlog 10.3c Compiler 2014.07 Jul 19 2014
# Start time: 13:10:36 on Feb 19,2016
# vlog -reportprogress 300 -work presynth C:/Users/Scott/Documents/Docs/School/Senior/Projects/Libero/Ball_Avionics/hdl/read_buffer.v 
# -- Compiling module read_buffer
# 
# Top level modules:
# 	read_buffer
# End time: 13:10:36 on Feb 19,2016, Elapsed time: 0:00:00
# Errors: 0, Warnings: 0
# Model Technology ModelSim Microsemi vlog 10.3c Compiler 2014.07 Jul 19 2014
# Start time: 13:10:36 on Feb 19,2016
# vlog -reportprogress 300 "+incdir+C:/Users/Scott/Documents/Docs/School/Senior/Projects/Libero/Ball_Avionics/stimulus" -work presynth C:/Users/Scott/Documents/Docs/School/Senior/Projects/Libero/Ball_Avionics/stimulus/tb_read_buffer.v 
# -- Compiling module tb_read_buffer
# 
# Top level modules:
# 	tb_read_buffer
# End time: 13:10:36 on Feb 19,2016, Elapsed time: 0:00:00
# Errors: 0, Warnings: 0
# vsim 
# Start time: 13:10:38 on Feb 19,2016
# Loading presynth.tb_read_buffer
# Loading presynth.read_buffer
add wave sim:/tb_read_buffer/read_buffer_0/*
restart
run -all
do run.do
# INFO: Simulation library presynth already exists
# Model Technology ModelSim PE vmap 10.3c Lib Mapping Utility 2014.07 Jul 19 2014
# vmap -modelsim_quiet presynth presynth 
# Modifying modelsim.ini
# Model Technology ModelSim PE vmap 10.3c Lib Mapping Utility 2014.07 Jul 19 2014
# vmap -modelsim_quiet proasic3l C:/Microsemi/Libero_v11.6/Designer/lib/modelsim/precompiled/vlog/proasic3l 
# Modifying modelsim.ini
# Model Technology ModelSim Microsemi vlog 10.3c Compiler 2014.07 Jul 19 2014
# Start time: 13:18:43 on Feb 19,2016
# vlog -reportprogress 300 -work presynth C:/Users/Scott/Documents/Docs/School/Senior/Projects/Libero/Ball_Avionics/hdl/read_buffer.v 
# -- Compiling module read_buffer
# 
# Top level modules:
# 	read_buffer
# End time: 13:18:43 on Feb 19,2016, Elapsed time: 0:00:00
# Errors: 0, Warnings: 0
# Model Technology ModelSim Microsemi vlog 10.3c Compiler 2014.07 Jul 19 2014
# Start time: 13:18:43 on Feb 19,2016
# vlog -reportprogress 300 "+incdir+C:/Users/Scott/Documents/Docs/School/Senior/Projects/Libero/Ball_Avionics/stimulus" -work presynth C:/Users/Scott/Documents/Docs/School/Senior/Projects/Libero/Ball_Avionics/stimulus/tb_read_buffer.v 
# -- Compiling module tb_read_buffer
# 
# Top level modules:
# 	tb_read_buffer
# End time: 13:18:43 on Feb 19,2016, Elapsed time: 0:00:00
# Errors: 0, Warnings: 0
# vsim 
# Start time: 13:18:45 on Feb 19,2016
# Loading presynth.tb_read_buffer
# Loading presynth.read_buffer
add wave sim:/tb_read_buffer/read_buffer_0/*
restart
run -all
do run.do
# INFO: Simulation library presynth already exists
# Model Technology ModelSim PE vmap 10.3c Lib Mapping Utility 2014.07 Jul 19 2014
# vmap -modelsim_quiet presynth presynth 
# Modifying modelsim.ini
# Model Technology ModelSim PE vmap 10.3c Lib Mapping Utility 2014.07 Jul 19 2014
# vmap -modelsim_quiet proasic3l C:/Microsemi/Libero_v11.6/Designer/lib/modelsim/precompiled/vlog/proasic3l 
# Modifying modelsim.ini
# Model Technology ModelSim Microsemi vlog 10.3c Compiler 2014.07 Jul 19 2014
# Start time: 13:20:01 on Feb 19,2016
# vlog -reportprogress 300 -work presynth C:/Users/Scott/Documents/Docs/School/Senior/Projects/Libero/Ball_Avionics/hdl/read_buffer.v 
# -- Compiling module read_buffer
# 
# Top level modules:
# 	read_buffer
# End time: 13:20:02 on Feb 19,2016, Elapsed time: 0:00:01
# Errors: 0, Warnings: 0
# Model Technology ModelSim Microsemi vlog 10.3c Compiler 2014.07 Jul 19 2014
# Start time: 13:20:02 on Feb 19,2016
# vlog -reportprogress 300 "+incdir+C:/Users/Scott/Documents/Docs/School/Senior/Projects/Libero/Ball_Avionics/stimulus" -work presynth C:/Users/Scott/Documents/Docs/School/Senior/Projects/Libero/Ball_Avionics/stimulus/tb_read_buffer.v 
# -- Compiling module tb_read_buffer
# 
# Top level modules:
# 	tb_read_buffer
# End time: 13:20:02 on Feb 19,2016, Elapsed time: 0:00:00
# Errors: 0, Warnings: 0
# vsim 
# Start time: 13:20:03 on Feb 19,2016
# Loading presynth.tb_read_buffer
# Loading presynth.read_buffer
add wave sim:/tb_read_buffer/read_buffer_0/*
run -all
restart
run -all
do run.do
# INFO: Simulation library presynth already exists
# Model Technology ModelSim PE vmap 10.3c Lib Mapping Utility 2014.07 Jul 19 2014
# vmap -modelsim_quiet presynth presynth 
# Modifying modelsim.ini
# Model Technology ModelSim PE vmap 10.3c Lib Mapping Utility 2014.07 Jul 19 2014
# vmap -modelsim_quiet proasic3l C:/Microsemi/Libero_v11.6/Designer/lib/modelsim/precompiled/vlog/proasic3l 
# Modifying modelsim.ini
# Model Technology ModelSim Microsemi vlog 10.3c Compiler 2014.07 Jul 19 2014
# Start time: 13:23:17 on Feb 19,2016
# vlog -reportprogress 300 -work presynth C:/Users/Scott/Documents/Docs/School/Senior/Projects/Libero/Ball_Avionics/hdl/read_buffer.v 
# -- Compiling module read_buffer
# 
# Top level modules:
# 	read_buffer
# End time: 13:23:17 on Feb 19,2016, Elapsed time: 0:00:00
# Errors: 0, Warnings: 0
# Model Technology ModelSim Microsemi vlog 10.3c Compiler 2014.07 Jul 19 2014
# Start time: 13:23:17 on Feb 19,2016
# vlog -reportprogress 300 "+incdir+C:/Users/Scott/Documents/Docs/School/Senior/Projects/Libero/Ball_Avionics/stimulus" -work presynth C:/Users/Scott/Documents/Docs/School/Senior/Projects/Libero/Ball_Avionics/stimulus/tb_read_buffer.v 
# -- Compiling module tb_read_buffer
# 
# Top level modules:
# 	tb_read_buffer
# End time: 13:23:18 on Feb 19,2016, Elapsed time: 0:00:01
# Errors: 0, Warnings: 0
# vsim 
# Start time: 13:23:19 on Feb 19,2016
# Loading presynth.tb_read_buffer
# Loading presynth.read_buffer
restart
add wave sim:/tb_read_buffer/read_buffer_0/*
restart
run -all
# End time: 13:24:52 on Feb 19,2016, Elapsed time: 0:01:33
# Errors: 0, Warnings: 0
