Target Part: M1A3P1000L_FBGA484_STD
Report for cell full_sys.verilog
  Core Cell usage:
              cell count     area count*area
              AND2    21      1.0       21.0
              AND3    52      1.0       52.0
               AO1    60      1.0       60.0
              AO1A    29      1.0       29.0
              AO1B    14      1.0       14.0
              AO1C     3      1.0        3.0
              AO1D     8      1.0        8.0
              AOI1     3      1.0        3.0
             AOI1B    10      1.0       10.0
              AOI5     1      1.0        1.0
               AX1     7      1.0        7.0
              AX1C    37      1.0       37.0
              AX1D     2      1.0        2.0
              AXO5     1      1.0        1.0
              AXO6     1      1.0        1.0
            CLKINT     4      0.0        0.0
               GND    14      0.0        0.0
               INV     5      1.0        5.0
               MX2   113      1.0      113.0
              MX2A     5      1.0        5.0
              MX2B     2      1.0        2.0
              MX2C     6      1.0        6.0
              NOR2    46      1.0       46.0
             NOR2A   111      1.0      111.0
             NOR2B   249      1.0      249.0
              NOR3    16      1.0       16.0
             NOR3A    57      1.0       57.0
             NOR3B    56      1.0       56.0
             NOR3C    72      1.0       72.0
               OA1    81      1.0       81.0
              OA1A    16      1.0       16.0
              OA1B    33      1.0       33.0
              OA1C    12      1.0       12.0
              OAI1     9      1.0        9.0
               OR2    64      1.0       64.0
              OR2A    23      1.0       23.0
              OR2B    17      1.0       17.0
               OR3    54      1.0       54.0
              OR3A     2      1.0        2.0
              OR3B     4      1.0        4.0
              OR3C     2      1.0        2.0
               PLL     2      0.0        0.0
            PLLINT     2      0.0        0.0
               VCC    14      0.0        0.0
               XA1    17      1.0       17.0
              XA1A     1      1.0        1.0
              XA1B     2      1.0        2.0
              XA1C    11      1.0       11.0
              XAI1     2      1.0        2.0
             XNOR2     8      1.0        8.0
               XO1     8      1.0        8.0
              XO1A     1      1.0        1.0
              XOR2   139      1.0      139.0
              XOR3     1      1.0        1.0


              DFN0    27      1.0       27.0
            DFN0C0    37      1.0       37.0
            DFN0E0    16      1.0       16.0
          DFN0E0C0     8      1.0        8.0
            DFN0E1    25      1.0       25.0
            DFN0P0     4      1.0        4.0
            DFN1C0   121      1.0      121.0
          DFN1E0C0    25      1.0       25.0
          DFN1E0P0     1      1.0        1.0
            DFN1E1    57      1.0       57.0
          DFN1E1C0    46      1.0       46.0
          DFN1E1P0     2      1.0        2.0
            DFN1P0     4      1.0        4.0
                   -----          ----------
             TOTAL  1903              1867.0


  IO Cell usage:
              cell count
             BIBUF    16
             INBUF     3
            OUTBUF    13
           TRIBUFF    13
                   -----
             TOTAL    45


Core Cells         : 1867 of 24576 (8%)
IO Cells           : 45

  RAM/ROM Usage Summary
Block Rams : 0 of 32 (0%)

