Target Part: M1A3P1000L_FBGA484_STD
Report for cell transceiver_integration.verilog
  Core Cell usage:
              cell count     area count*area
              AND2     3      1.0        3.0
               AO1    24      1.0       24.0
              AO13     1      1.0        1.0
              AO1A    10      1.0       10.0
              AO1C     1      1.0        1.0
              AO1D     4      1.0        4.0
              AOI1     1      1.0        1.0
               AX1     4      1.0        4.0
              AX1C     1      1.0        1.0
              AX1E     1      1.0        1.0
            CLKINT     1      0.0        0.0
               GND     5      0.0        0.0
               MX2    32      1.0       32.0
              MX2A     2      1.0        2.0
              NOR2    11      1.0       11.0
             NOR2A    58      1.0       58.0
             NOR2B    37      1.0       37.0
              NOR3    12      1.0       12.0
             NOR3A    11      1.0       11.0
             NOR3B    19      1.0       19.0
             NOR3C    24      1.0       24.0
               OA1    11      1.0       11.0
              OA1A     3      1.0        3.0
              OA1B     4      1.0        4.0
              OA1C     1      1.0        1.0
              OAI1     1      1.0        1.0
               OR2    19      1.0       19.0
              OR2A     5      1.0        5.0
              OR2B     7      1.0        7.0
               OR3    36      1.0       36.0
              OR3A     4      1.0        4.0
              OR3B     4      1.0        4.0
               PLL     1      0.0        0.0
            PLLINT     1      0.0        0.0
               VCC     5      0.0        0.0
               XA1     1      1.0        1.0
             XNOR2     6      1.0        6.0
              XOR2     9      1.0        9.0


              DFN1    21      1.0       21.0
            DFN1C0     9      1.0        9.0
          DFN1E0C0    25      1.0       25.0
          DFN1E0P0     2      1.0        2.0
            DFN1E1     3      1.0        3.0
            DFN1P0     1      1.0        1.0
                   -----          ----------
             TOTAL   441               428.0


  IO Cell usage:
              cell count
             INBUF     3
            OUTBUF    11
                   -----
             TOTAL    14


Core Cells         : 428 of 24576 (2%)
IO Cells           : 14

  RAM/ROM Usage Summary
Block Rams : 0 of 32 (0%)

