 ** Message System Log
 ** Database: 
 ** Date:   Tue Jan 12 11:49:36 2016


****************
Macro Parameters
****************

Name                            : CLK_6_5MHZ
Family                          : PA3LDP
Output Format                   : VERILOG
Type                            : Static PLL
PowerDown                       : Active Low
Lock                            : Active High
Input Freq(Mhz)                 : 48.000000
CLKA Source                     : Hardwired I/O
Feedback Delay Value Index      : 1
Feedback Mux Select             : 1
XDLY Mux Select                 : No
Primary Freq(Mhz)               : 6.500000
Primary PhaseShift              : 0
Primary Delay Value Index       : 1
Primary Mux Select              : 4
Secondary1 Freq(Mhz)            : 0.000000
Use GLB                         : NO
Use YB                          : NO
GLB Delay Value Index           : 32
YB Delay Value Index            : 32
Secondary1 PhaseShift           : 0
Secondary1 Mux Select           : 0
Secondary2 Freq(Mhz)            : 0.000000
Use GLC                         : NO
Use YC                          : NO
GLC Delay Value Index           : 32
YC Delay Value Index            : 32
Secondary2 PhaseShift           : 0
Secondary2 Mux Select           : 0
Lock Control                    : No

Configuration Bits:
FINDIV[6:0]     0001000
FBDIV[6:0]      0100110
OADIV[4:0]      11111
OBDIV[4:0]      00000
OCDIV[4:0]      00000
OAMUX[2:0]      100
OBMUX[2:0]      000
OCMUX[2:0]      000
FBSEL[1:0]      01
FBDLY[4:0]      00000
XDLYSEL         0
DLYGLA[4:0]     00000
DLYGLB[4:0]     00000
DLYGLC[4:0]     00000
DLYYB[4:0]      00000
DLYYC[4:0]      00000
VCOSEL[2:0]     110

Primary Clock Frequency 6.500
Primary Clock Phase Shift 0.000
Primary Clock Output Delay from CLKA 2.200


**************
Compile Report
**************


Netlist Resource Report
=======================

    CORE                       Used:      0  Total:  75264   (0.00%)
    IO (W/ clocks)             Used:      0  Total:    341   (0.00%)
    Differential IO            Used:      0  Total:    168   (0.00%)
    GLOBAL (Chip+Quadrant)     Used:      1  Total:     18   (5.56%)
    PLL                        Used:      1  Total:      6   (16.67%)
    RAM/FIFO                   Used:      0  Total:    112   (0.00%)
    Low Static ICC             Used:      0  Total:      1   (0.00%)
    FlashROM                   Used:      0  Total:      1   (0.00%)
    User JTAG                  Used:      0  Total:      1   (0.00%)

Wrote Verilog netlist to C:/Users/Scott/Documents/Docs/School/Senior/Projects/Libero/Ball_Avionics/smartgen\CLK_6_5MHZ\CLK_6_5MHZ.v.

 ** Log Ended:   Tue Jan 12 11:49:38 2016

